<?xml version="1.0" encoding="UTF-8"?>
<testsuite xmlns:xsi="http://www.w3.org/2001/XMLSchema-instance" xsi:schemaLocation="https://maven.apache.org/surefire/maven-surefire-plugin/xsd/surefire-test-report.xsd" name="edu.uw.spl.TestSuite" time="22.781" tests="24" errors="0" skipped="0" failures="0">
  <properties>
[...]
</properties>
  <testcase name="testBadNameAccountCreation" classname="test.AccountTest" time="0.141"/>
  <testcase name="testBadBalanceAccountCreation" classname="test.AccountTest" time="0.062"/>
  <testcase name="testGoodAccountCreation" classname="test.AccountTest" time="0"/>
  <testcase name="testSetAccountName" classname="test.AccountTest" time="0"/>
  <testcase name="testReloadFile" classname="test.AccountManagerTest" time="0"/>
  <testcase name="testCreateDuplicateUsername" classname="test.AccountManagerTest" time="0"/>
  <testcase name="testClose" classname="test.AccountManagerTest" time="0"/>
  <testcase name="testPersist" classname="test.AccountManagerTest" time="0"/>
  <testcase name="testGetAccount" classname="test.AccountManagerTest" time="0"/>
  <testcase name="testValidate" classname="test.AccountManagerTest" time="0.031"/>
  <testcase name="testRegistration" classname="test.AccountManagerTest" time="0.047"/>
  <testcase name="testDeleteAccount" classname="test.AccountManagerTest" time="0.016"/>
  <testcase name="testMultipleGetAccount" classname="test.AccountManagerTest" time="0.016"/>
  <testcase name="testClose" classname="test.DaoTest" time="0.078"/>
  <testcase name="testReset" classname="test.DaoTest" time="0.031"/>
  <testcase name="testDelete" classname="test.DaoTest" time="0.047"/>
  <testcase name="testReload" classname="test.DaoTest" time="0.032"/>
  <testcase name="testSetGet" classname="test.DaoTest" time="0.031"/>
  <testcase name="testRequestQuote" classname="test.BrokerTest" time="0.015"/>
  <testcase name="testClose" classname="test.BrokerTest" time="0.016"/>
  <testcase name="testGetAccount" classname="test.BrokerTest" time="0.031"/>
  <testcase name="testBrokerExchangeOpen" classname="test.BrokerTest" time="10.083"/>
  <testcase name="testDeleteAccount" classname="test.BrokerTest" time="0.035"/>
  <testcase name="testBrokerExchangeClosed" classname="test.BrokerTest" time="12.054"/>
</testsuite>